# JRE version: Java(TM) SE Runtime Environment (8.0_191-b12) (build 1.8.0_191-b12)
# Java VM: Java HotSpot(TM) 64-Bit Server VM (25.191-b12 mixed mode windows-amd64 compressed oops)
Heap:
 PSYoungGen      total 252416K, used 143907K [0x00000000d5580000, 0x00000000e7680000, 0x0000000100000000)
  eden space 216064K, 59% used [0x00000000d5580000,0x00000000dd2bfb40,0x00000000e2880000)
  from space 36352K, 43% used [0x00000000e5300000,0x00000000e62494a0,0x00000000e7680000)
  to   space 39936K, 0% used [0x00000000e2880000,0x00000000e2880000,0x00000000e4f80000)
 ParOldGen       total 323072K, used 51517K [0x0000000080000000, 0x0000000093b80000, 0x00000000d5580000)
  object space 323072K, 15% used [0x0000000080000000,0x000000008324f7a0,0x0000000093b80000)
 Metaspace       used 93158K, capacity 100351K, committed 101248K, reserved 1136640K
  class space    used 12493K, capacity 13663K, committed 13952K, reserved 1048576K
GC Heap History (10 events):
Event: 953.513 GC heap before
{Heap before GC invocations=28 (full 4):
 PSYoungGen      total 179712K, used 17800K [0x00000000d5580000, 0x00000000e5300000, 0x0000000100000000)
  eden space 144896K, 0% used [0x00000000d5580000,0x00000000d5580000,0x00000000de300000)
  from space 34816K, 51% used [0x00000000e0400000,0x00000000e1562110,0x00000000e2600000)
  to   space 33792K, 0% used [0x00000000de300000,0x00000000de300000,0x00000000e0400000)
 ParOldGen       total 285184K, used 51142K [0x0000000080000000, 0x0000000091680000, 0x00000000d5580000)
  object space 285184K, 17% used [0x0000000080000000,0x00000000831f1868,0x0000000091680000)
 Metaspace       used 90621K, capacity 98397K, committed 98560K, reserved 1134592K
  class space    used 12452K, capacity 13700K, committed 13824K, reserved 1048576K
Event: 953.697 GC heap after
Heap after GC invocations=28 (full 4):
 PSYoungGen      total 179712K, used 0K [0x00000000d5580000, 0x00000000e5300000, 0x0000000100000000)
  eden space 144896K, 0% used [0x00000000d5580000,0x00000000d5580000,0x00000000de300000)
  from space 34816K, 0% used [0x00000000e0400000,0x00000000e0400000,0x00000000e2600000)
  to   space 33792K, 0% used [0x00000000de300000,0x00000000de300000,0x00000000e0400000)
 ParOldGen       total 323072K, used 47789K [0x0000000080000000, 0x0000000093b80000, 0x00000000d5580000)
  object space 323072K, 14% used [0x0000000080000000,0x0000000082eab6f0,0x0000000093b80000)
 Metaspace       used 90092K, capacity 96865K, committed 98560K, reserved 1134592K
  class space    used 12276K, capacity 13396K, committed 13824K, reserved 1048576K
}
Event: 956.044 GC heap before
{Heap before GC invocations=29 (full 4):
 PSYoungGen      total 179712K, used 144896K [0x00000000d5580000, 0x00000000e5300000, 0x0000000100000000)
  eden space 144896K, 100% used [0x00000000d5580000,0x00000000de300000,0x00000000de300000)
  from space 34816K, 0% used [0x00000000e0400000,0x00000000e0400000,0x00000000e2600000)
  to   space 33792K, 0% used [0x00000000de300000,0x00000000de300000,0x00000000e0400000)
 ParOldGen       total 323072K, used 47789K [0x0000000080000000, 0x0000000093b80000, 0x00000000d5580000)
  object space 323072K, 14% used [0x0000000080000000,0x0000000082eab6f0,0x0000000093b80000)
 Metaspace       used 91896K, capacity 98893K, committed 100352K, reserved 1136640K
  class space    used 12436K, capacity 13550K, committed 13824K, reserved 1048576K
Event: 956.067 GC heap after
Heap after GC invocations=29 (full 4):
 PSYoungGen      total 178688K, used 26146K [0x00000000d5580000, 0x00000000e4980000, 0x0000000100000000)
  eden space 144896K, 0% used [0x00000000d5580000,0x00000000d5580000,0x00000000de300000)
  from space 33792K, 77% used [0x00000000de300000,0x00000000dfc88a58,0x00000000e0400000)
  to   space 34304K, 0% used [0x00000000e2800000,0x00000000e2800000,0x00000000e4980000)
 ParOldGen       total 323072K, used 47797K [0x0000000080000000, 0x0000000093b80000, 0x00000000d5580000)
  object space 323072K, 14% used [0x0000000080000000,0x0000000082ead6f0,0x0000000093b80000)
 Metaspace       used 91896K, capacity 98893K, committed 100352K, reserved 1136640K
  class space    used 12436K, capacity 13550K, committed 13824K, reserved 1048576K
}
Event: 1114.549 GC heap before
{Heap before GC invocations=30 (full 4):
 PSYoungGen      total 178688K, used 171042K [0x00000000d5580000, 0x00000000e4980000, 0x0000000100000000)
  eden space 144896K, 100% used [0x00000000d5580000,0x00000000de300000,0x00000000de300000)
  from space 33792K, 77% used [0x00000000de300000,0x00000000dfc88a58,0x00000000e0400000)
  to   space 34304K, 0% used [0x00000000e2800000,0x00000000e2800000,0x00000000e4980000)
 ParOldGen       total 323072K, used 47797K [0x0000000080000000, 0x0000000093b80000, 0x00000000d5580000)
  object space 323072K, 14% used [0x0000000080000000,0x0000000082ead6f0,0x0000000093b80000)
 Metaspace       used 92420K, capacity 99569K, committed 100480K, reserved 1136640K
  class space    used 12485K, capacity 13656K, committed 13952K, reserved 1048576K
Event: 1114.560 GC heap after
Heap after GC invocations=30 (full 4):
 PSYoungGen      total 213504K, used 9734K [0x00000000d5580000, 0x00000000e4980000, 0x0000000100000000)
  eden space 179200K, 0% used [0x00000000d5580000,0x00000000d5580000,0x00000000e0480000)
  from space 34304K, 28% used [0x00000000e2800000,0x00000000e31818b0,0x00000000e4980000)
  to   space 35328K, 0% used [0x00000000e0480000,0x00000000e0480000,0x00000000e2700000)
 ParOldGen       total 323072K, used 47805K [0x0000000080000000, 0x0000000093b80000, 0x00000000d5580000)
  object space 323072K, 14% used [0x0000000080000000,0x0000000082eaf6f0,0x0000000093b80000)
 Metaspace       used 92420K, capacity 99569K, committed 100480K, reserved 1136640K
  class space    used 12485K, capacity 13656K, committed 13952K, reserved 1048576K
}
Event: 1116.147 GC heap before
{Heap before GC invocations=31 (full 4):
 PSYoungGen      total 213504K, used 188934K [0x00000000d5580000, 0x00000000e4980000, 0x0000000100000000)
  eden space 179200K, 100% used [0x00000000d5580000,0x00000000e0480000,0x00000000e0480000)
  from space 34304K, 28% used [0x00000000e2800000,0x00000000e31818b0,0x00000000e4980000)
  to   space 35328K, 0% used [0x00000000e0480000,0x00000000e0480000,0x00000000e2700000)
 ParOldGen       total 323072K, used 47805K [0x0000000080000000, 0x0000000093b80000, 0x00000000d5580000)
  object space 323072K, 14% used [0x0000000080000000,0x0000000082eaf6f0,0x0000000093b80000)
 Metaspace       used 92768K, capacity 100069K, committed 100992K, reserved 1136640K
  class space    used 12489K, capacity 13662K, committed 13952K, reserved 1048576K
Event: 1116.186 GC heap after
Heap after GC invocations=31 (full 4):
 PSYoungGen      total 214528K, used 35317K [0x00000000d5580000, 0x00000000e7a80000, 0x0000000100000000)
  eden space 179200K, 0% used [0x00000000d5580000,0x00000000d5580000,0x00000000e0480000)
  from space 35328K, 99% used [0x00000000e0480000,0x00000000e26fd730,0x00000000e2700000)
  to   space 40448K, 0% used [0x00000000e5300000,0x00000000e5300000,0x00000000e7a80000)
 ParOldGen       total 323072K, used 51509K [0x0000000080000000, 0x0000000093b80000, 0x00000000d5580000)
  object space 323072K, 15% used [0x0000000080000000,0x000000008324d7a0,0x0000000093b80000)
 Metaspace       used 92768K, capacity 100069K, committed 100992K, reserved 1136640K
  class space    used 12489K, capacity 13662K, committed 13952K, reserved 1048576K
}
Event: 1205.801 GC heap before
{Heap before GC invocations=32 (full 4):
 PSYoungGen      total 214528K, used 214517K [0x00000000d5580000, 0x00000000e7a80000, 0x0000000100000000)
  eden space 179200K, 100% used [0x00000000d5580000,0x00000000e0480000,0x00000000e0480000)
  from space 35328K, 99% used [0x00000000e0480000,0x00000000e26fd730,0x00000000e2700000)
  to   space 40448K, 0% used [0x00000000e5300000,0x00000000e5300000,0x00000000e7a80000)
 ParOldGen       total 323072K, used 51509K [0x0000000080000000, 0x0000000093b80000, 0x00000000d5580000)
  object space 323072K, 15% used [0x0000000080000000,0x000000008324d7a0,0x0000000093b80000)
 Metaspace       used 92921K, capacity 100155K, committed 100992K, reserved 1136640K
  class space    used 12492K, capacity 13663K, committed 13952K, reserved 1048576K
Event: 1205.825 GC heap after
Heap after GC invocations=32 (full 4):
 PSYoungGen      total 252416K, used 15653K [0x00000000d5580000, 0x00000000e7680000, 0x0000000100000000)
  eden space 216064K, 0% used [0x00000000d5580000,0x00000000d5580000,0x00000000e2880000)
  from space 36352K, 43% used [0x00000000e5300000,0x00000000e62494a0,0x00000000e7680000)
  to   space 39936K, 0% used [0x00000000e2880000,0x00000000e2880000,0x00000000e4f80000)
 ParOldGen       total 323072K, used 51517K [0x0000000080000000, 0x0000000093b80000, 0x00000000d5580000)
  object space 323072K, 15% used [0x0000000080000000,0x000000008324f7a0,0x0000000093b80000)
 Metaspace       used 92921K, capacity 100155K, committed 100992K, reserved 1136640K
  class space    used 12492K, capacity 13663K, committed 13952K, reserved 1048576K
}

