# JRE version: Java(TM) SE Runtime Environment (8.0_191-b12) (build 1.8.0_191-b12)
# Java VM: Java HotSpot(TM) 64-Bit Server VM (25.191-b12 mixed mode windows-amd64 compressed oops)
Heap:
 PSYoungGen      total 236544K, used 92323K [0x00000000d5580000, 0x00000000e6180000, 0x0000000100000000)
  eden space 198656K, 34% used [0x00000000d5580000,0x00000000d9963030,0x00000000e1780000)
  from space 37888K, 60% used [0x00000000e1780000,0x00000000e2dc5c60,0x00000000e3c80000)
  to   space 37376K, 0% used [0x00000000e3d00000,0x00000000e3d00000,0x00000000e6180000)
 ParOldGen       total 407552K, used 55609K [0x0000000080000000, 0x0000000098e00000, 0x00000000d5580000)
  object space 407552K, 13% used [0x0000000080000000,0x000000008364e620,0x0000000098e00000)
 Metaspace       used 102504K, capacity 107742K, committed 107904K, reserved 1142784K
  class space    used 13890K, capacity 14927K, committed 14976K, reserved 1048576K
GC Heap History (10 events):
Event: 745.578 GC heap before
{Heap before GC invocations=17 (full 3):
 PSYoungGen      total 193024K, used 186467K [0x00000000d5580000, 0x00000000e3f00000, 0x0000000100000000)
  eden space 166400K, 100% used [0x00000000d5580000,0x00000000df800000,0x00000000df800000)
  from space 26624K, 75% used [0x00000000df800000,0x00000000e0b98fd8,0x00000000e1200000)
  to   space 27648K, 0% used [0x00000000e2400000,0x00000000e2400000,0x00000000e3f00000)
 ParOldGen       total 273920K, used 47449K [0x0000000080000000, 0x0000000090b80000, 0x00000000d5580000)
  object space 273920K, 17% used [0x0000000080000000,0x0000000082e56798,0x0000000090b80000)
 Metaspace       used 85546K, capacity 89982K, committed 90112K, reserved 1126400K
  class space    used 11655K, capacity 12527K, committed 12544K, reserved 1048576K
Event: 745.608 GC heap after
Heap after GC invocations=17 (full 3):
 PSYoungGen      total 203776K, used 27645K [0x00000000d5580000, 0x00000000e4f80000, 0x0000000100000000)
  eden space 176128K, 0% used [0x00000000d5580000,0x00000000d5580000,0x00000000e0180000)
  from space 27648K, 99% used [0x00000000e2400000,0x00000000e3eff780,0x00000000e3f00000)
  to   space 35328K, 0% used [0x00000000e0180000,0x00000000e0180000,0x00000000e2400000)
 ParOldGen       total 273920K, used 58313K [0x0000000080000000, 0x0000000090b80000, 0x00000000d5580000)
  object space 273920K, 21% used [0x0000000080000000,0x00000000838f25c0,0x0000000090b80000)
 Metaspace       used 85546K, capacity 89982K, committed 90112K, reserved 1126400K
  class space    used 11655K, capacity 12527K, committed 12544K, reserved 1048576K
}
Event: 747.353 GC heap before
{Heap before GC invocations=18 (full 3):
 PSYoungGen      total 203776K, used 203773K [0x00000000d5580000, 0x00000000e4f80000, 0x0000000100000000)
  eden space 176128K, 100% used [0x00000000d5580000,0x00000000e0180000,0x00000000e0180000)
  from space 27648K, 99% used [0x00000000e2400000,0x00000000e3eff780,0x00000000e3f00000)
  to   space 35328K, 0% used [0x00000000e0180000,0x00000000e0180000,0x00000000e2400000)
 ParOldGen       total 273920K, used 58313K [0x0000000080000000, 0x0000000090b80000, 0x00000000d5580000)
  object space 273920K, 21% used [0x0000000080000000,0x00000000838f25c0,0x0000000090b80000)
 Metaspace       used 91888K, capacity 96820K, committed 97024K, reserved 1132544K
  class space    used 12558K, capacity 13502K, committed 13568K, reserved 1048576K
Event: 747.385 GC heap after
Heap after GC invocations=18 (full 3):
 PSYoungGen      total 211456K, used 28342K [0x00000000d5580000, 0x00000000e6200000, 0x0000000100000000)
  eden space 176128K, 0% used [0x00000000d5580000,0x00000000d5580000,0x00000000e0180000)
  from space 35328K, 80% used [0x00000000e0180000,0x00000000e1d2da98,0x00000000e2400000)
  to   space 37888K, 0% used [0x00000000e3d00000,0x00000000e3d00000,0x00000000e6200000)
 ParOldGen       total 273920K, used 74232K [0x0000000080000000, 0x0000000090b80000, 0x00000000d5580000)
  object space 273920K, 27% used [0x0000000080000000,0x000000008487e2a0,0x0000000090b80000)
 Metaspace       used 91888K, capacity 96820K, committed 97024K, reserved 1132544K
  class space    used 12558K, capacity 13502K, committed 13568K, reserved 1048576K
}
Event: 748.945 GC heap before
{Heap before GC invocations=19 (full 3):
 PSYoungGen      total 211456K, used 200096K [0x00000000d5580000, 0x00000000e6200000, 0x0000000100000000)
  eden space 176128K, 97% used [0x00000000d5580000,0x00000000dfd3a7e0,0x00000000e0180000)
  from space 35328K, 80% used [0x00000000e0180000,0x00000000e1d2da98,0x00000000e2400000)
  to   space 37888K, 0% used [0x00000000e3d00000,0x00000000e3d00000,0x00000000e6200000)
 ParOldGen       total 273920K, used 74232K [0x0000000080000000, 0x0000000090b80000, 0x00000000d5580000)
  object space 273920K, 27% used [0x0000000080000000,0x000000008487e2a0,0x0000000090b80000)
 Metaspace       used 93615K, capacity 98450K, committed 98560K, reserved 1134592K
  class space    used 12778K, capacity 13715K, committed 13824K, reserved 1048576K
Event: 748.962 GC heap after
Heap after GC invocations=19 (full 3):
 PSYoungGen      total 236032K, used 23117K [0x00000000d5580000, 0x00000000e6180000, 0x0000000100000000)
  eden space 198656K, 0% used [0x00000000d5580000,0x00000000d5580000,0x00000000e1780000)
  from space 37376K, 61% used [0x00000000e3d00000,0x00000000e5393728,0x00000000e6180000)
  to   space 37888K, 0% used [0x00000000e1780000,0x00000000e1780000,0x00000000e3c80000)
 ParOldGen       total 273920K, used 74240K [0x0000000080000000, 0x0000000090b80000, 0x00000000d5580000)
  object space 273920K, 27% used [0x0000000080000000,0x00000000848802a0,0x0000000090b80000)
 Metaspace       used 93615K, capacity 98450K, committed 98560K, reserved 1134592K
  class space    used 12778K, capacity 13715K, committed 13824K, reserved 1048576K
}
Event: 748.962 GC heap before
{Heap before GC invocations=20 (full 4):
 PSYoungGen      total 236032K, used 23117K [0x00000000d5580000, 0x00000000e6180000, 0x0000000100000000)
  eden space 198656K, 0% used [0x00000000d5580000,0x00000000d5580000,0x00000000e1780000)
  from space 37376K, 61% used [0x00000000e3d00000,0x00000000e5393728,0x00000000e6180000)
  to   space 37888K, 0% used [0x00000000e1780000,0x00000000e1780000,0x00000000e3c80000)
 ParOldGen       total 273920K, used 74240K [0x0000000080000000, 0x0000000090b80000, 0x00000000d5580000)
  object space 273920K, 27% used [0x0000000080000000,0x00000000848802a0,0x0000000090b80000)
 Metaspace       used 93615K, capacity 98450K, committed 98560K, reserved 1134592K
  class space    used 12778K, capacity 13715K, committed 13824K, reserved 1048576K
Event: 749.114 GC heap after
Heap after GC invocations=20 (full 4):
 PSYoungGen      total 236032K, used 0K [0x00000000d5580000, 0x00000000e6180000, 0x0000000100000000)
  eden space 198656K, 0% used [0x00000000d5580000,0x00000000d5580000,0x00000000e1780000)
  from space 37376K, 0% used [0x00000000e3d00000,0x00000000e3d00000,0x00000000e6180000)
  to   space 37888K, 0% used [0x00000000e1780000,0x00000000e1780000,0x00000000e3c80000)
 ParOldGen       total 407552K, used 55601K [0x0000000080000000, 0x0000000098e00000, 0x00000000d5580000)
  object space 407552K, 13% used [0x0000000080000000,0x000000008364c620,0x0000000098e00000)
 Metaspace       used 93220K, capacity 97344K, committed 98560K, reserved 1134592K
  class space    used 12645K, capacity 13486K, committed 13824K, reserved 1048576K
}
Event: 1799.401 GC heap before
{Heap before GC invocations=21 (full 4):
 PSYoungGen      total 236032K, used 198656K [0x00000000d5580000, 0x00000000e6180000, 0x0000000100000000)
  eden space 198656K, 100% used [0x00000000d5580000,0x00000000e1780000,0x00000000e1780000)
  from space 37376K, 0% used [0x00000000e3d00000,0x00000000e3d00000,0x00000000e6180000)
  to   space 37888K, 0% used [0x00000000e1780000,0x00000000e1780000,0x00000000e3c80000)
 ParOldGen       total 407552K, used 55601K [0x0000000080000000, 0x0000000098e00000, 0x00000000d5580000)
  object space 407552K, 13% used [0x0000000080000000,0x000000008364c620,0x0000000098e00000)
 Metaspace       used 102202K, capacity 107256K, committed 107648K, reserved 1142784K
  class space    used 13855K, capacity 14874K, committed 14976K, reserved 1048576K
Event: 1799.429 GC heap after
Heap after GC invocations=21 (full 4):
 PSYoungGen      total 236544K, used 22807K [0x00000000d5580000, 0x00000000e6180000, 0x0000000100000000)
  eden space 198656K, 0% used [0x00000000d5580000,0x00000000d5580000,0x00000000e1780000)
  from space 37888K, 60% used [0x00000000e1780000,0x00000000e2dc5c60,0x00000000e3c80000)
  to   space 37376K, 0% used [0x00000000e3d00000,0x00000000e3d00000,0x00000000e6180000)
 ParOldGen       total 407552K, used 55609K [0x0000000080000000, 0x0000000098e00000, 0x00000000d5580000)
  object space 407552K, 13% used [0x0000000080000000,0x000000008364e620,0x0000000098e00000)
 Metaspace       used 102202K, capacity 107256K, committed 107648K, reserved 1142784K
  class space    used 13855K, capacity 14874K, committed 14976K, reserved 1048576K
}

